<?xml version="1.0" encoding="UTF-8"?>
<!-- Generated by org.testng.reporters.JUnitReportReporter -->
<testsuite hostname="LFR034776" failures="0" tests="1" name="com.todos.test.AddTodoTest" time="8.432" errors="0" timestamp="17 Dec 2020 23:02:16 GMT">
  <testcase classname="com.todos.test.AddTodoTest" name="iCanAddTodo" time="8.432"/>
</testsuite> <!-- com.todos.test.AddTodoTest -->
